[debug] [2018-11-27T10:15:21.882Z] ----------------------------------------------------------------------
[debug] [2018-11-27T10:15:21.884Z] Command:       /usr/local/bin/node /usr/local/bin/firebase deploy
[debug] [2018-11-27T10:15:21.884Z] CLI Version:   6.1.1
[debug] [2018-11-27T10:15:21.885Z] Platform:      darwin
[debug] [2018-11-27T10:15:21.885Z] Node Version:  v10.13.0
[debug] [2018-11-27T10:15:21.885Z] Time:          Tue Nov 27 2018 11:15:21 GMT+0100 (Central European Standard Time)
[debug] [2018-11-27T10:15:21.886Z] ----------------------------------------------------------------------
[debug] 
[debug] [2018-11-27T10:15:21.899Z] > command requires scopes: ["email","openid","https://www.googleapis.com/auth/cloudplatformprojects.readonly","https://www.googleapis.com/auth/firebase","https://www.googleapis.com/auth/cloud-platform"]
[debug] [2018-11-27T10:15:21.900Z] > authorizing via signed-in user
[debug] [2018-11-27T10:15:21.900Z] [iam] checking project eight-ball-answers for permissions ["firebase.projects.get","firebasehosting.sites.update"]
[debug] [2018-11-27T10:15:21.902Z] > refreshing access token with scopes: ["email","https://www.googleapis.com/auth/cloud-platform","https://www.googleapis.com/auth/cloudplatformprojects.readonly","https://www.googleapis.com/auth/firebase","openid"]
[debug] [2018-11-27T10:15:21.902Z] >>> HTTP REQUEST POST https://www.googleapis.com/oauth2/v3/token  
 <request body omitted>
[debug] [2018-11-27T10:15:22.116Z] <<< HTTP RESPONSE 200
[debug] [2018-11-27T10:15:22.143Z] >>> HTTP REQUEST POST https://cloudresourcemanager.googleapis.com/v1/projects/eight-ball-answers:testIamPermissions  

[debug] [2018-11-27T10:15:23.036Z] <<< HTTP RESPONSE 200
[debug] [2018-11-27T10:15:23.037Z] >>> HTTP REQUEST GET https://firebase.googleapis.com/v1beta1/projects/eight-ball-answers  
 
[debug] [2018-11-27T10:15:23.486Z] <<< HTTP RESPONSE 200
[info] 
[info] === Deploying to 'eight-ball-answers'...
[info] 
[info] i  deploying hosting
[debug] [2018-11-27T10:15:23.490Z] >>> HTTP REQUEST POST https://firebasehosting.googleapis.com/v1beta1/sites/eight-ball-answers/versions  

